
*** Running vivado
    with args -log PHASE_SHIFTER.vds -m64 -product Vivado -mode batch -messageDb vivado.pb -notrace -source PHASE_SHIFTER.tcl



****** Vivado v2022.2 (64-bit)
  **** SW Build 3671981 on Fri Oct 14 05:00:03 MDT 2022
  **** IP Build 3669848 on Fri Oct 14 08:30:02 MDT 2022
    ** Copyright 1986-2022 Xilinx, Inc. All Rights Reserved.

source PHASE_SHIFTER.tcl -notrace
Command: read_checkpoint -auto_incremental -incremental {C:/Users/weirdchamp/Documents/Vivado Projects/PHASE_SHIFTER/PHASE_SHIFTER.srcs/utils_1/imports/synth_1/PHASE_SHIFTER.dcp}
INFO: [Vivado 12-5825] Read reference checkpoint from C:/Users/weirdchamp/Documents/Vivado Projects/PHASE_SHIFTER/PHASE_SHIFTER.srcs/utils_1/imports/synth_1/PHASE_SHIFTER.dcp for incremental synthesis
INFO: [Vivado 12-7989] Please ensure there are no constraint changes
Command: synth_design -top PHASE_SHIFTER -part xc7k70tfbv676-1
Starting synth_design
Attempting to get a license for feature 'Synthesis' and/or device 'xc7k70t'
INFO: [Common 17-349] Got license for feature 'Synthesis' and/or device 'xc7k70t'
INFO: [Designutils 20-5440] No compile time benefit to using incremental synthesis; A full resynthesis will be run
INFO: [Designutils 20-4379] Flow is switching to default flow due to incremental criteria not met. If you would like to alter this behaviour and have the flow terminate instead, please set the following parameter config_implementation {autoIncr.Synth.RejectBehavior Terminate}
INFO: [Synth 8-7079] Multithreading enabled for synth_design using a maximum of 2 processes.
INFO: [Synth 8-7078] Launching helper process for spawning children vivado processes
INFO: [Synth 8-7075] Helper process launched with PID 22024
INFO: [Synth 8-11241] undeclared symbol 'REGCCE', assumed default net type 'wire' [C:/Xilinx/Vivado/2022.2/data/verilog/src/unimacro/BRAM_SINGLE_MACRO.v:2170]
---------------------------------------------------------------------------------
Starting Synthesize : Time (s): cpu = 00:00:04 ; elapsed = 00:00:05 . Memory (MB): peak = 834.504 ; gain = 409.152
---------------------------------------------------------------------------------
INFO: [Synth 8-638] synthesizing module 'PHASE_SHIFTER' [C:/Users/weirdchamp/Documents/Vivado Projects/PHASE_SHIFTER/PHASE_SHIFTER.srcs/sources_1/new/PHASE_SHIFTER.vhd:13]
INFO: [Synth 8-3491] module 'CLK_DIV' declared at 'C:/Users/weirdchamp/Documents/Vivado Projects/PHASE_SHIFTER/PHASE_SHIFTER.srcs/sources_1/imports/new/CLK_DIV.vhd:34' bound to instance 'U1_CLK_DIV' of component 'CLK_DIV' [C:/Users/weirdchamp/Documents/Vivado Projects/PHASE_SHIFTER/PHASE_SHIFTER.srcs/sources_1/new/PHASE_SHIFTER.vhd:30]
INFO: [Synth 8-638] synthesizing module 'CLK_DIV' [C:/Users/weirdchamp/Documents/Vivado Projects/PHASE_SHIFTER/PHASE_SHIFTER.srcs/sources_1/imports/new/CLK_DIV.vhd:39]
INFO: [Synth 8-256] done synthesizing module 'CLK_DIV' (0#1) [C:/Users/weirdchamp/Documents/Vivado Projects/PHASE_SHIFTER/PHASE_SHIFTER.srcs/sources_1/imports/new/CLK_DIV.vhd:39]
WARNING: [Synth 8-614] signal 'SI' is read in the process but is not in the sensitivity list [C:/Users/weirdchamp/Documents/Vivado Projects/PHASE_SHIFTER/PHASE_SHIFTER.srcs/sources_1/new/PHASE_SHIFTER.vhd:48]
WARNING: [Synth 8-614] signal 'COUNTER1' is read in the process but is not in the sensitivity list [C:/Users/weirdchamp/Documents/Vivado Projects/PHASE_SHIFTER/PHASE_SHIFTER.srcs/sources_1/new/PHASE_SHIFTER.vhd:48]
WARNING: [Synth 8-614] signal 'SI' is read in the process but is not in the sensitivity list [C:/Users/weirdchamp/Documents/Vivado Projects/PHASE_SHIFTER/PHASE_SHIFTER.srcs/sources_1/new/PHASE_SHIFTER.vhd:57]
WARNING: [Synth 8-614] signal 'COUNTER2' is read in the process but is not in the sensitivity list [C:/Users/weirdchamp/Documents/Vivado Projects/PHASE_SHIFTER/PHASE_SHIFTER.srcs/sources_1/new/PHASE_SHIFTER.vhd:57]
INFO: [Synth 8-256] done synthesizing module 'PHASE_SHIFTER' (0#1) [C:/Users/weirdchamp/Documents/Vivado Projects/PHASE_SHIFTER/PHASE_SHIFTER.srcs/sources_1/new/PHASE_SHIFTER.vhd:13]
WARNING: [Synth 8-6014] Unused sequential element SIOUT_reg was removed.  [C:/Users/weirdchamp/Documents/Vivado Projects/PHASE_SHIFTER/PHASE_SHIFTER.srcs/sources_1/new/PHASE_SHIFTER.vhd:45]
WARNING: [Synth 8-7129] Port RES in module PHASE_SHIFTER is either unconnected or has no load
---------------------------------------------------------------------------------
Finished Synthesize : Time (s): cpu = 00:00:06 ; elapsed = 00:00:06 . Memory (MB): peak = 924.719 ; gain = 499.367
---------------------------------------------------------------------------------
---------------------------------------------------------------------------------
Finished Constraint Validation : Time (s): cpu = 00:00:06 ; elapsed = 00:00:07 . Memory (MB): peak = 924.719 ; gain = 499.367
---------------------------------------------------------------------------------
---------------------------------------------------------------------------------
Start Loading Part and Timing Information
---------------------------------------------------------------------------------
Loading part: xc7k70tfbv676-1
---------------------------------------------------------------------------------
Finished Loading Part and Timing Information : Time (s): cpu = 00:00:06 ; elapsed = 00:00:07 . Memory (MB): peak = 924.719 ; gain = 499.367
---------------------------------------------------------------------------------
INFO: [Device 21-403] Loading part xc7k70tfbv676-1
WARNING: [Synth 8-327] inferring latch for variable 'COUNTER2_reg' [C:/Users/weirdchamp/Documents/Vivado Projects/PHASE_SHIFTER/PHASE_SHIFTER.srcs/sources_1/new/PHASE_SHIFTER.vhd:60]
WARNING: [Synth 8-327] inferring latch for variable 'COUNTER1_reg' [C:/Users/weirdchamp/Documents/Vivado Projects/PHASE_SHIFTER/PHASE_SHIFTER.srcs/sources_1/new/PHASE_SHIFTER.vhd:51]
---------------------------------------------------------------------------------
Finished RTL Optimization Phase 2 : Time (s): cpu = 00:00:06 ; elapsed = 00:00:07 . Memory (MB): peak = 924.719 ; gain = 499.367
---------------------------------------------------------------------------------
No constraint files found.
---------------------------------------------------------------------------------
Start RTL Component Statistics 
---------------------------------------------------------------------------------
Detailed RTL Component Info : 
+---Adders : 
	   2 Input   31 Bit       Adders := 2     
+---XORs : 
	   2 Input      1 Bit         XORs := 1     
+---Registers : 
	                1 Bit    Registers := 1     
+---Muxes : 
	   2 Input    2 Bit        Muxes := 1     
	   2 Input    1 Bit        Muxes := 2     
---------------------------------------------------------------------------------
Finished RTL Component Statistics 
---------------------------------------------------------------------------------
---------------------------------------------------------------------------------
Start Part Resource Summary
---------------------------------------------------------------------------------
Part Resources:
DSPs: 240 (col length:80)
BRAMs: 270 (col length: RAMB18 80 RAMB36 40)
---------------------------------------------------------------------------------
Finished Part Resource Summary
---------------------------------------------------------------------------------
No constraint files found.
---------------------------------------------------------------------------------
Start Cross Boundary and Area Optimization
---------------------------------------------------------------------------------
WARNING: [Synth 8-7080] Parallel synthesis criteria is not met
WARNING: [Synth 8-7129] Port CLK in module PHASE_SHIFTER is either unconnected or has no load
WARNING: [Synth 8-7129] Port RES in module PHASE_SHIFTER is either unconnected or has no load
---------------------------------------------------------------------------------
Finished Cross Boundary and Area Optimization : Time (s): cpu = 00:00:14 ; elapsed = 00:00:16 . Memory (MB): peak = 1232.598 ; gain = 807.246
---------------------------------------------------------------------------------
No constraint files found.
---------------------------------------------------------------------------------
Start Timing Optimization
---------------------------------------------------------------------------------
---------------------------------------------------------------------------------
Finished Timing Optimization : Time (s): cpu = 00:00:14 ; elapsed = 00:00:16 . Memory (MB): peak = 1232.598 ; gain = 807.246
---------------------------------------------------------------------------------
---------------------------------------------------------------------------------
Start Technology Mapping
---------------------------------------------------------------------------------
---------------------------------------------------------------------------------
Finished Technology Mapping : Time (s): cpu = 00:00:14 ; elapsed = 00:00:16 . Memory (MB): peak = 1232.598 ; gain = 807.246
---------------------------------------------------------------------------------
---------------------------------------------------------------------------------
Start IO Insertion
---------------------------------------------------------------------------------
---------------------------------------------------------------------------------
Start Flattening Before IO Insertion
---------------------------------------------------------------------------------
---------------------------------------------------------------------------------
Finished Flattening Before IO Insertion
---------------------------------------------------------------------------------
---------------------------------------------------------------------------------
Start Final Netlist Cleanup
---------------------------------------------------------------------------------
---------------------------------------------------------------------------------
Finished Final Netlist Cleanup
---------------------------------------------------------------------------------
---------------------------------------------------------------------------------
Finished IO Insertion : Time (s): cpu = 00:00:18 ; elapsed = 00:00:19 . Memory (MB): peak = 1232.598 ; gain = 807.246
---------------------------------------------------------------------------------
---------------------------------------------------------------------------------
Start Renaming Generated Instances
---------------------------------------------------------------------------------
---------------------------------------------------------------------------------
Finished Renaming Generated Instances : Time (s): cpu = 00:00:18 ; elapsed = 00:00:19 . Memory (MB): peak = 1232.598 ; gain = 807.246
---------------------------------------------------------------------------------
---------------------------------------------------------------------------------
Start Rebuilding User Hierarchy
---------------------------------------------------------------------------------
---------------------------------------------------------------------------------
Finished Rebuilding User Hierarchy : Time (s): cpu = 00:00:18 ; elapsed = 00:00:19 . Memory (MB): peak = 1232.598 ; gain = 807.246
---------------------------------------------------------------------------------
---------------------------------------------------------------------------------
Start Renaming Generated Ports
---------------------------------------------------------------------------------
---------------------------------------------------------------------------------
Finished Renaming Generated Ports : Time (s): cpu = 00:00:18 ; elapsed = 00:00:19 . Memory (MB): peak = 1232.598 ; gain = 807.246
---------------------------------------------------------------------------------
---------------------------------------------------------------------------------
Start Handling Custom Attributes
---------------------------------------------------------------------------------
---------------------------------------------------------------------------------
Finished Handling Custom Attributes : Time (s): cpu = 00:00:18 ; elapsed = 00:00:19 . Memory (MB): peak = 1232.598 ; gain = 807.246
---------------------------------------------------------------------------------
---------------------------------------------------------------------------------
Start Renaming Generated Nets
---------------------------------------------------------------------------------
---------------------------------------------------------------------------------
Finished Renaming Generated Nets : Time (s): cpu = 00:00:18 ; elapsed = 00:00:19 . Memory (MB): peak = 1232.598 ; gain = 807.246
---------------------------------------------------------------------------------
---------------------------------------------------------------------------------
Start Writing Synthesis Report
---------------------------------------------------------------------------------

Report BlackBoxes: 
+-+--------------+----------+
| |BlackBox name |Instances |
+-+--------------+----------+
+-+--------------+----------+

Report Cell Usage: 
+------+-------+------+
|      |Cell   |Count |
+------+-------+------+
|1     |CARRY4 |    16|
|2     |LUT1   |     3|
|3     |LUT2   |    60|
|4     |LUT4   |    15|
|5     |LUT5   |     4|
|6     |LUT6   |     3|
|7     |LD     |    62|
|8     |IBUF   |     1|
|9     |OBUF   |     2|
+------+-------+------+

Report Instance Areas: 
+------+---------+-------+------+
|      |Instance |Module |Cells |
+------+---------+-------+------+
|1     |top      |       |   166|
+------+---------+-------+------+
---------------------------------------------------------------------------------
Finished Writing Synthesis Report : Time (s): cpu = 00:00:18 ; elapsed = 00:00:19 . Memory (MB): peak = 1232.598 ; gain = 807.246
---------------------------------------------------------------------------------
Synthesis finished with 0 errors, 0 critical warnings and 11 warnings.
Synthesis Optimization Runtime : Time (s): cpu = 00:00:18 ; elapsed = 00:00:19 . Memory (MB): peak = 1232.598 ; gain = 807.246
Synthesis Optimization Complete : Time (s): cpu = 00:00:18 ; elapsed = 00:00:19 . Memory (MB): peak = 1232.598 ; gain = 807.246
INFO: [Project 1-571] Translating synthesized netlist
Netlist sorting complete. Time (s): cpu = 00:00:00 ; elapsed = 00:00:00.002 . Memory (MB): peak = 1232.598 ; gain = 0.000
INFO: [Netlist 29-17] Analyzing 78 Unisim elements for replacement
INFO: [Netlist 29-28] Unisim Transformation completed in 0 CPU seconds
INFO: [Project 1-570] Preparing netlist for logic optimization
INFO: [Opt 31-138] Pushed 0 inverter(s) to 0 load pin(s).
Netlist sorting complete. Time (s): cpu = 00:00:00 ; elapsed = 00:00:00.001 . Memory (MB): peak = 1232.598 ; gain = 0.000
INFO: [Project 1-111] Unisim Transformation Summary:
  A total of 62 instances were transformed.
  LD => LDCE: 62 instances

Synth Design complete, checksum: 990b37b8
INFO: [Common 17-83] Releasing license: Synthesis
22 Infos, 11 Warnings, 0 Critical Warnings and 0 Errors encountered.
synth_design completed successfully
synth_design: Time (s): cpu = 00:00:19 ; elapsed = 00:00:21 . Memory (MB): peak = 1232.598 ; gain = 812.809
INFO: [Common 17-1381] The checkpoint 'C:/Users/weirdchamp/Documents/Vivado Projects/PHASE_SHIFTER/PHASE_SHIFTER.runs/synth_1/PHASE_SHIFTER.dcp' has been generated.
INFO: [runtcl-4] Executing : report_utilization -file PHASE_SHIFTER_utilization_synth.rpt -pb PHASE_SHIFTER_utilization_synth.pb
INFO: [Common 17-206] Exiting Vivado at Tue Dec  6 22:29:48 2022...
